<?xml version="1.0" encoding="UTF-8"?>
<!-- Generated by org.testng.reporters.JUnitXMLReporter -->
<testsuite ignored="0" hostname="INVW19CON40" failures="1" tests="2" name="Default test" time="40.815" errors="0" timestamp="2024-03-28T12:52:46 IST">
  <testcase classname="io.cucumber.testng.AbstractTestNGCucumberTests" name="runScenario" time="24.338"/>
  <testcase classname="io.cucumber.testng.AbstractTestNGCucumberTests" name="runScenario" time="14.049">
    <failure type="java.lang.AssertionError" message="expected [BMW for Sale Central Coast NSW | CarsGuide] but found [Used Cars for Sale | Used Car Search | CarsGuide]">
      <![CDATA[java.lang.AssertionError: expected [BMW for Sale Central Coast NSW | CarsGuide] but found [Used Cars for Sale | Used Car Search | CarsGuide]
at org.testng.Assert.fail(Assert.java:99)
at org.testng.Assert.failNotEquals(Assert.java:1037)
at org.testng.Assert.assertEqualsImpl(Assert.java:140)
at org.testng.Assert.assertEquals(Assert.java:122)
at org.testng.Assert.assertEquals(Assert.java:629)
at org.testng.Assert.assertEquals(Assert.java:639)
at steps.carSearchStep.the_page_title_should_be(carSearchStep.java:70)
at âœ½.the page title should be "BMW for Sale Central Coast NSW | CarsGuide"(file:///C:/Users/adpqa/eclipse-workspace/CucumberFramework/CucumberPageObjects/src/test/resources/features/usedCarsSearch.feature:23)
]]>
    </failure>
  </testcase> <!-- runScenario -->
</testsuite> <!-- Default test -->
